# JRE version: OpenJDK Runtime Environment Temurin-17+35 (17.0+35) (build 17+35)
# Java VM: OpenJDK 64-Bit Server VM Temurin-17+35 (17+35, mixed mode, tiered, compressed oops, compressed class ptrs, g1 gc, windows-amd64)
GC Precious Log:
 CPUs: 2 total, 2 available
 Memory: 3977M
 Large Page Support: Disabled
 NUMA Support: Disabled
 Compressed Oops: Enabled (32-bit)
 Heap Region Size: 1M
 Heap Min Capacity: 8M
 Heap Initial Capacity: 64M
 Heap Max Capacity: 996M
 Pre-touch: Disabled
 Parallel Workers: 2
 Concurrent Workers: 1
 Concurrent Refinement Workers: 2
 Periodic GC: Disabled
Heap:
 garbage-first heap   total 65536K, used 15150K [0x00000000c1c00000, 0x0000000100000000)
  region size 1024K, 1 young (1024K), 1 survivors (1024K)
 Metaspace       used 34960K, committed 35264K, reserved 1081344K
  class space    used 4028K, committed 4160K, reserved 1048576K
GC Heap History (20 events):
Event: 2.422 GC heap after
{Heap after GC invocations=6 (full 0):
 garbage-first heap   total 65536K, used 8279K [0x00000000c1c00000, 0x0000000100000000)
  region size 1024K, 3 young (3072K), 3 survivors (3072K)
 Metaspace       used 21355K, committed 21504K, reserved 1073152K
  class space    used 2283K, committed 2368K, reserved 1048576K
}
Event: 2.862 GC heap before
{Heap before GC invocations=7 (full 0):
 garbage-first heap   total 34816K, used 24663K [0x00000000c1c00000, 0x0000000100000000)
  region size 1024K, 20 young (20480K), 3 survivors (3072K)
 Metaspace       used 23767K, committed 24064K, reserved 1073152K
  class space    used 2618K, committed 2752K, reserved 1048576K
}
Event: 2.869 GC heap after
{Heap after GC invocations=8 (full 0):
 garbage-first heap   total 34816K, used 9233K [0x00000000c1c00000, 0x0000000100000000)
  region size 1024K, 2 young (2048K), 2 survivors (2048K)
 Metaspace       used 23767K, committed 24064K, reserved 1073152K
  class space    used 2618K, committed 2752K, reserved 1048576K
}
Event: 2.869 GC heap before
{Heap before GC invocations=8 (full 0):
 garbage-first heap   total 34816K, used 9233K [0x00000000c1c00000, 0x0000000100000000)
  region size 1024K, 3 young (3072K), 2 survivors (2048K)
 Metaspace       used 23767K, committed 24064K, reserved 1073152K
  class space    used 2618K, committed 2752K, reserved 1048576K
}
Event: 2.873 GC heap after
{Heap after GC invocations=9 (full 0):
 garbage-first heap   total 45056K, used 8965K [0x00000000c1c00000, 0x0000000100000000)
  region size 1024K, 1 young (1024K), 1 survivors (1024K)
 Metaspace       used 23767K, committed 24064K, reserved 1073152K
  class space    used 2618K, committed 2752K, reserved 1048576K
}
Event: 2.883 GC heap before
{Heap before GC invocations=9 (full 0):
 garbage-first heap   total 45056K, used 32517K [0x00000000c1c00000, 0x0000000100000000)
  region size 1024K, 25 young (25600K), 1 survivors (1024K)
 Metaspace       used 23767K, committed 24064K, reserved 1073152K
  class space    used 2618K, committed 2752K, reserved 1048576K
}
Event: 2.883 GC heap after
{Heap after GC invocations=10 (full 0):
 garbage-first heap   total 45056K, used 8998K [0x00000000c1c00000, 0x0000000100000000)
  region size 1024K, 1 young (1024K), 1 survivors (1024K)
 Metaspace       used 23767K, committed 24064K, reserved 1073152K
  class space    used 2618K, committed 2752K, reserved 1048576K
}
Event: 4.003 GC heap before
{Heap before GC invocations=10 (full 0):
 garbage-first heap   total 45056K, used 33574K [0x00000000c1c00000, 0x0000000100000000)
  region size 1024K, 26 young (26624K), 1 survivors (1024K)
 Metaspace       used 25954K, committed 26240K, reserved 1073152K
  class space    used 2856K, committed 3008K, reserved 1048576K
}
Event: 4.007 GC heap after
{Heap after GC invocations=11 (full 0):
 garbage-first heap   total 45056K, used 10585K [0x00000000c1c00000, 0x0000000100000000)
  region size 1024K, 2 young (2048K), 2 survivors (2048K)
 Metaspace       used 25954K, committed 26240K, reserved 1073152K
  class space    used 2856K, committed 3008K, reserved 1048576K
}
Event: 6.364 GC heap before
{Heap before GC invocations=11 (full 0):
 garbage-first heap   total 45056K, used 34137K [0x00000000c1c00000, 0x0000000100000000)
  region size 1024K, 25 young (25600K), 2 survivors (2048K)
 Metaspace       used 30396K, committed 30720K, reserved 1081344K
  class space    used 3469K, committed 3648K, reserved 1048576K
}
Event: 6.371 GC heap after
{Heap after GC invocations=12 (full 0):
 garbage-first heap   total 45056K, used 12672K [0x00000000c1c00000, 0x0000000100000000)
  region size 1024K, 4 young (4096K), 4 survivors (4096K)
 Metaspace       used 30396K, committed 30720K, reserved 1081344K
  class space    used 3469K, committed 3648K, reserved 1048576K
}
Event: 7.714 GC heap before
{Heap before GC invocations=12 (full 0):
 garbage-first heap   total 45056K, used 33152K [0x00000000c1c00000, 0x0000000100000000)
  region size 1024K, 25 young (25600K), 4 survivors (4096K)
 Metaspace       used 33555K, committed 33920K, reserved 1081344K
  class space    used 3872K, committed 4032K, reserved 1048576K
}
Event: 7.723 GC heap after
{Heap after GC invocations=13 (full 0):
 garbage-first heap   total 45056K, used 14556K [0x00000000c1c00000, 0x0000000100000000)
  region size 1024K, 2 young (2048K), 2 survivors (2048K)
 Metaspace       used 33555K, committed 33920K, reserved 1081344K
  class space    used 3872K, committed 4032K, reserved 1048576K
}
Event: 7.728 GC heap before
{Heap before GC invocations=13 (full 0):
 garbage-first heap   total 45056K, used 32988K [0x00000000c1c00000, 0x0000000100000000)
  region size 1024K, 21 young (21504K), 2 survivors (2048K)
 Metaspace       used 33555K, committed 33920K, reserved 1081344K
  class space    used 3872K, committed 4032K, reserved 1048576K
}
Event: 7.732 GC heap after
{Heap after GC invocations=14 (full 0):
 garbage-first heap   total 45056K, used 14396K [0x00000000c1c00000, 0x0000000100000000)
  region size 1024K, 1 young (1024K), 1 survivors (1024K)
 Metaspace       used 33555K, committed 33920K, reserved 1081344K
  class space    used 3872K, committed 4032K, reserved 1048576K
}
Event: 8.100 GC heap before
{Heap before GC invocations=14 (full 0):
 garbage-first heap   total 45056K, used 33852K [0x00000000c1c00000, 0x0000000100000000)
  region size 1024K, 21 young (21504K), 1 survivors (1024K)
 Metaspace       used 34250K, committed 34560K, reserved 1081344K
  class space    used 3935K, committed 4096K, reserved 1048576K
}
Event: 8.102 GC heap after
{Heap after GC invocations=15 (full 0):
 garbage-first heap   total 45056K, used 15034K [0x00000000c1c00000, 0x0000000100000000)
  region size 1024K, 1 young (1024K), 1 survivors (1024K)
 Metaspace       used 34250K, committed 34560K, reserved 1081344K
  class space    used 3935K, committed 4096K, reserved 1048576K
}
Event: 8.107 GC heap before
{Heap before GC invocations=15 (full 0):
 garbage-first heap   total 45056K, used 34490K [0x00000000c1c00000, 0x0000000100000000)
  region size 1024K, 21 young (21504K), 1 survivors (1024K)
 Metaspace       used 34250K, committed 34560K, reserved 1081344K
  class space    used 3935K, committed 4096K, reserved 1048576K
}
Event: 8.109 GC heap after
{Heap after GC invocations=16 (full 0):
 garbage-first heap   total 45056K, used 15082K [0x00000000c1c00000, 0x0000000100000000)
  region size 1024K, 1 young (1024K), 1 survivors (1024K)
 Metaspace       used 34250K, committed 34560K, reserved 1081344K
  class space    used 3935K, committed 4096K, reserved 1048576K
}
Event: 8.591 GC heap before
{Heap before GC invocations=16 (full 0):
 garbage-first heap   total 45056K, used 35562K [0x00000000c1c00000, 0x0000000100000000)
  region size 1024K, 22 young (22528K), 1 survivors (1024K)
 Metaspace       used 34960K, committed 35264K, reserved 1081344K
  class space    used 4028K, committed 4160K, reserved 1048576K
}

