# JRE version: OpenJDK Runtime Environment Temurin-17+35 (17.0+35) (build 17+35)
# Java VM: OpenJDK 64-Bit Server VM Temurin-17+35 (17+35, mixed mode, tiered, compressed oops, compressed class ptrs, g1 gc, windows-amd64)
GC Precious Log:
 CPUs: 2 total, 2 available
 Memory: 3977M
 Large Page Support: Disabled
 NUMA Support: Disabled
 Compressed Oops: Enabled (32-bit)
 Heap Region Size: 1M
 Heap Min Capacity: 8M
 Heap Initial Capacity: 64M
 Heap Max Capacity: 996M
 Pre-touch: Disabled
 Parallel Workers: 2
 Concurrent Workers: 1
 Concurrent Refinement Workers: 2
 Periodic GC: Disabled
Heap:
 garbage-first heap   total 79872K, used 22546K [0x00000000c1c00000, 0x0000000100000000)
  region size 1024K, 15 young (15360K), 1 survivors (1024K)
 Metaspace       used 25282K, committed 25472K, reserved 1073152K
  class space    used 2776K, committed 2880K, reserved 1048576K
GC Heap History (18 events):
Event: 0.326 GC heap before
{Heap before GC invocations=0 (full 0):
 garbage-first heap   total 65536K, used 6144K [0x00000000c1c00000, 0x0000000100000000)
  region size 1024K, 6 young (6144K), 0 survivors (0K)
 Metaspace       used 5191K, committed 5312K, reserved 1056768K
  class space    used 425K, committed 512K, reserved 1048576K
}
Event: 0.329 GC heap after
{Heap after GC invocations=1 (full 0):
 garbage-first heap   total 65536K, used 4326K [0x00000000c1c00000, 0x0000000100000000)
  region size 1024K, 1 young (1024K), 1 survivors (1024K)
 Metaspace       used 5191K, committed 5312K, reserved 1056768K
  class space    used 425K, committed 512K, reserved 1048576K
}
Event: 0.525 GC heap before
{Heap before GC invocations=1 (full 0):
 garbage-first heap   total 65536K, used 6374K [0x00000000c1c00000, 0x0000000100000000)
  region size 1024K, 4 young (4096K), 1 survivors (1024K)
 Metaspace       used 8467K, committed 8576K, reserved 1056768K
  class space    used 718K, committed 768K, reserved 1048576K
}
Event: 0.528 GC heap after
{Heap after GC invocations=2 (full 0):
 garbage-first heap   total 65536K, used 5490K [0x00000000c1c00000, 0x0000000100000000)
  region size 1024K, 1 young (1024K), 1 survivors (1024K)
 Metaspace       used 8467K, committed 8576K, reserved 1056768K
  class space    used 718K, committed 768K, reserved 1048576K
}
Event: 0.875 GC heap before
{Heap before GC invocations=2 (full 0):
 garbage-first heap   total 65536K, used 13682K [0x00000000c1c00000, 0x0000000100000000)
  region size 1024K, 9 young (9216K), 1 survivors (1024K)
 Metaspace       used 11530K, committed 11712K, reserved 1064960K
  class space    used 1092K, committed 1216K, reserved 1048576K
}
Event: 0.878 GC heap after
{Heap after GC invocations=3 (full 0):
 garbage-first heap   total 65536K, used 6434K [0x00000000c1c00000, 0x0000000100000000)
  region size 1024K, 2 young (2048K), 2 survivors (2048K)
 Metaspace       used 11530K, committed 11712K, reserved 1064960K
  class space    used 1092K, committed 1216K, reserved 1048576K
}
Event: 0.888 GC heap before
{Heap before GC invocations=3 (full 0):
 garbage-first heap   total 65536K, used 23842K [0x00000000c1c00000, 0x0000000100000000)
  region size 1024K, 20 young (20480K), 2 survivors (2048K)
 Metaspace       used 11530K, committed 11712K, reserved 1064960K
  class space    used 1092K, committed 1216K, reserved 1048576K
}
Event: 0.891 GC heap after
{Heap after GC invocations=4 (full 0):
 garbage-first heap   total 65536K, used 6490K [0x00000000c1c00000, 0x0000000100000000)
  region size 1024K, 1 young (1024K), 1 survivors (1024K)
 Metaspace       used 11530K, committed 11712K, reserved 1064960K
  class space    used 1092K, committed 1216K, reserved 1048576K
}
Event: 1.618 GC heap before
{Heap before GC invocations=4 (full 0):
 garbage-first heap   total 65536K, used 41306K [0x00000000c1c00000, 0x0000000100000000)
  region size 1024K, 36 young (36864K), 1 survivors (1024K)
 Metaspace       used 16151K, committed 16320K, reserved 1064960K
  class space    used 1670K, committed 1728K, reserved 1048576K
}
Event: 1.623 GC heap after
{Heap after GC invocations=5 (full 0):
 garbage-first heap   total 65536K, used 7507K [0x00000000c1c00000, 0x0000000100000000)
  region size 1024K, 2 young (2048K), 2 survivors (2048K)
 Metaspace       used 16151K, committed 16320K, reserved 1064960K
  class space    used 1670K, committed 1728K, reserved 1048576K
}
Event: 2.107 GC heap before
{Heap before GC invocations=5 (full 0):
 garbage-first heap   total 65536K, used 25939K [0x00000000c1c00000, 0x0000000100000000)
  region size 1024K, 21 young (21504K), 2 survivors (2048K)
 Metaspace       used 21321K, committed 21504K, reserved 1073152K
  class space    used 2287K, committed 2368K, reserved 1048576K
}
Event: 2.115 GC heap after
{Heap after GC invocations=6 (full 0):
 garbage-first heap   total 65536K, used 8555K [0x00000000c1c00000, 0x0000000100000000)
  region size 1024K, 3 young (3072K), 3 survivors (3072K)
 Metaspace       used 21321K, committed 21504K, reserved 1073152K
  class space    used 2287K, committed 2368K, reserved 1048576K
}
Event: 2.450 GC heap before
{Heap before GC invocations=7 (full 0):
 garbage-first heap   total 34816K, used 24939K [0x00000000c1c00000, 0x0000000100000000)
  region size 1024K, 20 young (20480K), 3 survivors (3072K)
 Metaspace       used 23551K, committed 23808K, reserved 1073152K
  class space    used 2596K, committed 2688K, reserved 1048576K
}
Event: 2.457 GC heap after
{Heap after GC invocations=8 (full 0):
 garbage-first heap   total 34816K, used 9152K [0x00000000c1c00000, 0x0000000100000000)
  region size 1024K, 2 young (2048K), 2 survivors (2048K)
 Metaspace       used 23551K, committed 23808K, reserved 1073152K
  class space    used 2596K, committed 2688K, reserved 1048576K
}
Event: 2.461 GC heap before
{Heap before GC invocations=8 (full 0):
 garbage-first heap   total 34816K, used 24512K [0x00000000c1c00000, 0x0000000100000000)
  region size 1024K, 18 young (18432K), 2 survivors (2048K)
 Metaspace       used 23551K, committed 23808K, reserved 1073152K
  class space    used 2596K, committed 2688K, reserved 1048576K
}
Event: 2.464 GC heap after
{Heap after GC invocations=9 (full 0):
 garbage-first heap   total 34816K, used 9094K [0x00000000c1c00000, 0x0000000100000000)
  region size 1024K, 1 young (1024K), 1 survivors (1024K)
 Metaspace       used 23551K, committed 23808K, reserved 1073152K
  class space    used 2596K, committed 2688K, reserved 1048576K
}
Event: 2.540 GC heap before
{Heap before GC invocations=9 (full 0):
 garbage-first heap   total 34816K, used 24454K [0x00000000c1c00000, 0x0000000100000000)
  region size 1024K, 17 young (17408K), 1 survivors (1024K)
 Metaspace       used 24064K, committed 24320K, reserved 1073152K
  class space    used 2647K, committed 2752K, reserved 1048576K
}
Event: 2.542 GC heap after
{Heap after GC invocations=10 (full 0):
 garbage-first heap   total 79872K, used 9234K [0x00000000c1c00000, 0x0000000100000000)
  region size 1024K, 1 young (1024K), 1 survivors (1024K)
 Metaspace       used 24064K, committed 24320K, reserved 1073152K
  class space    used 2647K, committed 2752K, reserved 1048576K
}

